0 verbose cli /usr/local/bin/node /usr/local/bin/npm
1 info using npm@10.8.2
2 info using node@v20.19.4
3 silly config load:file:/usr/local/lib/node_modules/npm/npmrc
4 silly config load:file:/data/.npmrc
5 silly config load:file:/usr/src/node-red/.npmrc
6 silly config load:file:/usr/local/etc/npmrc
7 verbose title npm install @flowfuse/node-red-dashboard@1.29.0
8 verbose argv "install" "--no-audit" "--no-update-notifier" "--no-fund" "--save" "--save-prefix" "~" "--omit" "dev" "--engine-strict" "@flowfuse/node-red-dashboard@1.29.0"
9 verbose logfile logs-max:10 dir:/data/.npm/_logs/2025-10-06T17_28_23_997Z-
10 verbose logfile /data/.npm/_logs/2025-10-06T17_28_23_997Z-debug-0.log
11 silly packumentCache heap:2197815296 maxSize:549453824 maxEntrySize:274726912
12 silly logfile done cleaning log files
13 silly idealTree buildDeps
14 silly fetch manifest @flowfuse/node-red-dashboard@1.29.0
15 silly packumentCache full:https://registry.npmjs.org/@flowfuse%2fnode-red-dashboard cache-miss
16 http fetch GET 200 https://registry.npmjs.org/@flowfuse%2fnode-red-dashboard 3746ms (cache revalidated)
17 silly packumentCache full:https://registry.npmjs.org/@flowfuse%2fnode-red-dashboard set size:3957515 disposed:false
18 silly placeDep ROOT @flowfuse/node-red-dashboard@1.29.0 REPLACE for: node-red-project@0.0.1 want: 1.29.0
19 silly reify mark retired [ '/data/node_modules/@flowfuse/node-red-dashboard' ]
20 silly reify moves {
20 silly reify   '/data/node_modules/@flowfuse/node-red-dashboard': '/data/node_modules/@flowfuse/.node-red-dashboard-HpBEdVjM'
20 silly reify }
21 silly tarball no local data for @flowfuse/node-red-dashboard@https://registry.npmjs.org/@flowfuse/node-red-dashboard/-/node-red-dashboard-1.29.0.tgz. Extracting by manifest.
22 http fetch GET 200 https://registry.npmjs.org/@flowfuse/node-red-dashboard/-/node-red-dashboard-1.29.0.tgz 8820ms (cache miss)
23 silly CHANGE node_modules/@flowfuse/node-red-dashboard
24 verbose cwd /data
25 verbose os Linux 6.6.87.2-microsoft-standard-WSL2
26 verbose node v20.19.4
27 verbose npm  v10.8.2
28 verbose exit 0
29 info ok
